<?xml version="1.0" encoding="UTF-8"?>
<!-- Generated by org.testng.reporters.JUnitReportReporter -->
<testsuite skipped="2" hostname="STUDENT14" name="test.test.QaTools" tests="6" failures="0" timestamp="10 Jan 2018 17:02:09 GMT" time="22.837" errors="0">
  <testcase name="openChrome" time="6.765" classname="test.test.QaTools"/>
  <testcase name="draggable" time="5.189" classname="test.test.QaTools"/>
  <testcase name="resizable" time="5.792" classname="test.test.QaTools"/>
  <testcase name="selectable" time="5.091" classname="test.test.QaTools"/>
  <testcase name="sortable" classname="test.test.QaTools">
    <skipped/>
  </testcase> <!-- sortable -->
  <testcase name="droppabe" classname="test.test.QaTools">
    <skipped/>
  </testcase> <!-- droppabe -->
</testsuite> <!-- test.test.QaTools -->
